0 info it worked if it ends with ok
1 verbose cli [ '/usr/bin/nodejs', '/usr/bin/npm', 'version', 'patch' ]
2 info using npm@3.6.0
3 info using node@v5.6.0
4 info git [ 'status', '--porcelain' ]
5 verbose stack Error: Git working directory not clean.
5 verbose stack D npm-debug.log
5 verbose stack     at /usr/lib/node_modules/npm/lib/version.js:246:19
5 verbose stack     at ChildProcess.exithandler (child_process.js:204:7)
5 verbose stack     at emitTwo (events.js:100:13)
5 verbose stack     at ChildProcess.emit (events.js:185:7)
5 verbose stack     at maybeClose (internal/child_process.js:827:16)
5 verbose stack     at Socket.<anonymous> (internal/child_process.js:319:11)
5 verbose stack     at emitOne (events.js:90:13)
5 verbose stack     at Socket.emit (events.js:182:7)
5 verbose stack     at Pipe._onclose (net.js:471:12)
6 verbose cwd /home/pedro/repos/js-terminal
7 error Linux 3.16.0-4-amd64
8 error argv "/usr/bin/nodejs" "/usr/bin/npm" "version" "patch"
9 error node v5.6.0
10 error npm  v3.6.0
11 error Git working directory not clean.
11 error D npm-debug.log
12 error If you need help, you may report this error at:
12 error     <https://github.com/npm/npm/issues>
13 verbose exit [ 1, true ]
